<?xml version="1.0" encoding="UTF-8"?>
<testng-results ignored="0" total="1" passed="1" failed="0" skipped="0">
  <reporter-output>
  </reporter-output>
  <suite started-at="2023-01-09T13:54:55 IST" name="Surefire suite" finished-at="2023-01-09T13:54:55 IST" duration-ms="59">
    <groups>
    </groups>
    <test started-at="2023-01-09T13:54:55 IST" name="Surefire test" finished-at="2023-01-09T13:54:55 IST" duration-ms="59">
      <class name="Assignment.Flipkart.AppTest">
        <test-method signature="shouldAnswerWithTrue()" started-at="2023-01-09T13:54:55 IST" name="shouldAnswerWithTrue" finished-at="2023-01-09T13:54:55 IST" duration-ms="12" status="PASS">
          <reporter-output>
          </reporter-output>
        </test-method> <!-- shouldAnswerWithTrue -->
      </class> <!-- Assignment.Flipkart.AppTest -->
    </test> <!-- Surefire test -->
  </suite> <!-- Surefire suite -->
</testng-results>
