<?xml version="1.0" encoding="UTF-8"?>
<!-- Generated by org.testng.reporters.JUnitXMLReporter -->
<testsuite ignored="12" hostname="IN-PG02P4VN" failures="0" tests="20" name="Test" time="388.378" errors="0" timestamp="2023-01-09T14:10:13 IST">
  <testcase classname="BaseTest.VerifyTitlePage" name="verifyTitle" time="5.178"/>
  <testcase classname="BaseTest.HomePageTest" name="LoginTest" time="15.539"/>
  <testcase classname="BaseTest.HomePageTest" name="searchMobile" time="34.855"/>
  <testcase classname="BaseTest.HomePageTest" name="compareProduct" time="0.005">
    <skipped/>
  </testcase> <!-- compareProduct -->
  <testcase classname="BaseTest.GroceryPageTest" name="Grocery" time="27.817"/>
  <testcase classname="BaseTest.GroceryPageTest" name="Cart" time="9.192"/>
  <testcase classname="BaseTest.HeadersPageTest" name="headersTest" time="5.466"/>
  <testcase classname="BaseTest.HeadersPageTest" name="electronic" time="10.384"/>
  <testcase classname="BaseTest.HeadersPageTest" name="offer" time="10.49"/>
  <testcase classname="BaseTest.HeadersPageTest" name="beauty" time="10.594"/>
  <testcase classname="BaseTest.HeadersPageTest" name="TwoWhellers" time="15.512"/>
  <testcase classname="BaseTest.HeadersPageTest" name="BecameSeller" time="28.934"/>
  <testcase classname="BaseTest.NavigatorTest" name="Rightnavigate" time="0.004">
    <skipped/>
  </testcase> <!-- Rightnavigate -->
  <testcase classname="BaseTest.NavigatorTest" name="leftNavigate" time="2.085"/>
  <testcase classname="BaseTest.FooterPageTest" name="SocialTest" time="57.658"/>
  <testcase classname="BaseTest.FooterPageTest" name="FaQTest" time="0.009">
    <skipped/>
  </testcase> <!-- FaQTest -->
  <testcase classname="BaseTest.FooterPageTest" name="cancel" time="26.727"/>
  <testcase classname="BaseTest.FooterPageTest" name="giftCard" time="46.31"/>
  <testcase classname="BaseTest.ExplorePlusePageTest" name="ExplorePlus" time="0.037">
    <skipped/>
  </testcase> <!-- ExplorePlus -->
  <testcase classname="BaseTest.ExplorePlusePageTest" name="ExplorePlus1" time="17.334"/>
  <testcase classname="BasePackage.BasePage" name="@BeforeSuite launchBrowser" time="0.0">
    <ignored/>
  </testcase> <!-- @BeforeSuite launchBrowser -->
  <testcase classname="BasePackage.BasePage" name="@BeforeSuite launchBrowser" time="0.0">
    <ignored/>
  </testcase> <!-- @BeforeSuite launchBrowser -->
  <testcase classname="BasePackage.BasePage" name="@BeforeSuite launchBrowser" time="0.0">
    <ignored/>
  </testcase> <!-- @BeforeSuite launchBrowser -->
  <testcase classname="BasePackage.BasePage" name="@BeforeSuite launchBrowser" time="0.0">
    <ignored/>
  </testcase> <!-- @BeforeSuite launchBrowser -->
  <testcase classname="BasePackage.BasePage" name="@BeforeSuite launchBrowser" time="0.0">
    <ignored/>
  </testcase> <!-- @BeforeSuite launchBrowser -->
  <testcase classname="BasePackage.BasePage" name="@BeforeSuite launchBrowser" time="0.0">
    <ignored/>
  </testcase> <!-- @BeforeSuite launchBrowser -->
  <testcase classname="BasePackage.BasePage" name="@AfterSuite CloseBrowser" time="0.0">
    <ignored/>
  </testcase> <!-- @AfterSuite CloseBrowser -->
  <testcase classname="BasePackage.BasePage" name="@AfterSuite CloseBrowser" time="0.0">
    <ignored/>
  </testcase> <!-- @AfterSuite CloseBrowser -->
  <testcase classname="BasePackage.BasePage" name="@AfterSuite CloseBrowser" time="0.0">
    <ignored/>
  </testcase> <!-- @AfterSuite CloseBrowser -->
  <testcase classname="BasePackage.BasePage" name="@AfterSuite CloseBrowser" time="0.0">
    <ignored/>
  </testcase> <!-- @AfterSuite CloseBrowser -->
  <testcase classname="BasePackage.BasePage" name="@AfterSuite CloseBrowser" time="0.0">
    <ignored/>
  </testcase> <!-- @AfterSuite CloseBrowser -->
  <testcase classname="BasePackage.BasePage" name="@AfterSuite CloseBrowser" time="0.0">
    <ignored/>
  </testcase> <!-- @AfterSuite CloseBrowser -->
</testsuite> <!-- Test -->
